0 info it worked if it ends with ok
1 verbose cli [ '/usr/local/bin/node', '/usr/local/bin/npm', 'install' ]
2 info using npm@1.2.18
3 info using node@v0.10.5
4 verbose read json /Users/francoponticelli/package.json
5 error install Couldn't read dependencies
6 error Error: ENOENT, open '/Users/francoponticelli/package.json'
7 error If you need help, you may report this log at:
7 error     <http://github.com/isaacs/npm/issues>
7 error or email it to:
7 error     <npm-@googlegroups.com>
8 error System Darwin 11.4.2
9 error command "/usr/local/bin/node" "/usr/local/bin/npm" "install"
10 error cwd /Users/francoponticelli/Projects/nodejs-std
11 error node -v v0.10.5
12 error npm -v 1.2.18
13 error path /Users/francoponticelli/package.json
14 error code ENOENT
15 error errno 34
16 verbose exit [ 34, true ]
